{"name":"Log","hostname":"715c10de8e1d","pid":1,"level":40,"msg":"Theme's file locales/en.json not found.","time":"2019-10-03T10:39:22.416Z","v":0}
{"name":"Log","hostname":"715c10de8e1d","pid":1,"level":30,"msg":"Ghost is running in production...","time":"2019-10-03T10:39:24.282Z","v":0}
{"name":"Log","hostname":"715c10de8e1d","pid":1,"level":30,"msg":"Your blog is now available on http://localhost:2368/","time":"2019-10-03T10:39:24.285Z","v":0}
{"name":"Log","hostname":"715c10de8e1d","pid":1,"level":30,"msg":"Ctrl+C to shut down","time":"2019-10-03T10:39:24.288Z","v":0}
{"name":"Log","hostname":"715c10de8e1d","pid":1,"level":30,"msg":"Ghost boot 8.816s","time":"2019-10-03T10:39:24.292Z","v":0}
{"name":"Log","hostname":"715c10de8e1d","pid":1,"level":40,"msg":"Theme's file locales/en.json not found.","time":"2019-10-03T10:53:05.007Z","v":0}
{"name":"Log","hostname":"715c10de8e1d","pid":1,"level":30,"msg":"Ghost is running in production...","time":"2019-10-03T10:53:06.875Z","v":0}
{"name":"Log","hostname":"715c10de8e1d","pid":1,"level":30,"msg":"Your blog is now available on http://localhost:2368/","time":"2019-10-03T10:53:06.877Z","v":0}
{"name":"Log","hostname":"715c10de8e1d","pid":1,"level":30,"msg":"Ctrl+C to shut down","time":"2019-10-03T10:53:06.878Z","v":0}
{"name":"Log","hostname":"715c10de8e1d","pid":1,"level":30,"msg":"Ghost boot 8.269s","time":"2019-10-03T10:53:06.880Z","v":0}
{"name":"Log","hostname":"715c10de8e1d","pid":1,"level":40,"msg":"Theme's file locales/en.json not found.","time":"2019-10-03T11:14:28.567Z","v":0}
{"name":"Log","hostname":"715c10de8e1d","pid":1,"level":30,"msg":"Ghost is running in production...","time":"2019-10-03T11:15:05.107Z","v":0}
{"name":"Log","hostname":"715c10de8e1d","pid":1,"level":30,"msg":"Your blog is now available on http://localhost:2368/","time":"2019-10-03T11:15:05.111Z","v":0}
{"name":"Log","hostname":"715c10de8e1d","pid":1,"level":30,"msg":"Ctrl+C to shut down","time":"2019-10-03T11:15:05.113Z","v":0}
{"name":"Log","hostname":"715c10de8e1d","pid":1,"level":30,"msg":"Ghost boot 78.615s","time":"2019-10-03T11:15:05.117Z","v":0}
{"name":"Log","hostname":"715c10de8e1d","pid":1,"level":40,"msg":"Theme's file locales/en.json not found.","time":"2019-08-13T13:31:35.365Z","v":0}
{"name":"Log","hostname":"715c10de8e1d","pid":1,"level":30,"msg":"Ghost is running in production...","time":"2019-08-13T13:31:37.263Z","v":0}
{"name":"Log","hostname":"715c10de8e1d","pid":1,"level":30,"msg":"Your blog is now available on http://localhost:2368/","time":"2019-08-13T13:31:37.266Z","v":0}
{"name":"Log","hostname":"715c10de8e1d","pid":1,"level":30,"msg":"Ctrl+C to shut down","time":"2019-08-13T13:31:37.268Z","v":0}
{"name":"Log","hostname":"715c10de8e1d","pid":1,"level":30,"msg":"Ghost boot 8.134s","time":"2019-08-13T13:31:37.272Z","v":0}
